<?xml version="1.0" encoding="UTF-8"?>
<testng-results ignored="0" total="4" passed="4" failed="0" skipped="0">
  <reporter-output>
  </reporter-output>
  <suite started-at="2024-07-12T12:07:14 IST" name="Default suite" finished-at="2024-07-12T12:09:24 IST" duration-ms="130200">
    <groups>
    </groups>
    <test started-at="2024-07-12T12:07:14 IST" name="Default test" finished-at="2024-07-12T12:09:24 IST" duration-ms="130200">
      <class name="Wipro.Tests.EndToEndTest">
        <test-method is-config="true" signature="launchapplication()[pri:0, instance:Wipro.Tests.EndToEndTest@201a4587]" started-at="2024-07-12T12:07:14 IST" name="launchapplication" finished-at="2024-07-12T12:07:30 IST" duration-ms="16056" status="PASS">
          <reporter-output>
          </reporter-output>
        </test-method> <!-- launchapplication -->
        <test-method signature="OrderProduct(java.lang.String,java.lang.String,java.lang.String,java.lang.String,java.lang.String,java.lang.String,java.lang.String,java.lang.String,java.lang.String,java.lang.String,java.lang.String)[pri:0, instance:Wipro.Tests.EndToEndTest@201a4587]" started-at="2024-07-12T12:07:30 IST" name="OrderProduct" data-provider="getData" finished-at="2024-07-12T12:07:58 IST" duration-ms="28096" status="PASS">
          <params>
            <param index="0">
              <value>
                <![CDATA[VenkatAngara0809@gmail.com]]>
              </value>
            </param>
            <param index="1">
              <value>
                <![CDATA[Angara@123]]>
              </value>
            </param>
            <param index="2">
              <value>
                <![CDATA[Angara]]>
              </value>
            </param>
            <param index="3">
              <value>
                <![CDATA[Venky]]>
              </value>
            </param>
            <param index="4">
              <value>
                <![CDATA[Engineer]]>
              </value>
            </param>
            <param index="5">
              <value>
                <![CDATA[Angara@123]]>
              </value>
            </param>
            <param index="6">
              <value>
                <![CDATA[IPHONE 13 PRO]]>
              </value>
            </param>
            <param index="7">
              <value>
                <![CDATA[9542322769]]>
              </value>
            </param>
            <param index="8">
              <value>
                <![CDATA[First50]]>
              </value>
            </param>
            <param index="9">
              <value>
                <![CDATA[India]]>
              </value>
            </param>
            <param index="10">
              <value>
                <![CDATA[769]]>
              </value>
            </param>
          </params>
          <reporter-output>
          </reporter-output>
        </test-method> <!-- OrderProduct -->
        <test-method is-config="true" signature="tearDown()[pri:0, instance:Wipro.Tests.EndToEndTest@201a4587]" started-at="2024-07-12T12:07:58 IST" name="tearDown" finished-at="2024-07-12T12:07:59 IST" duration-ms="180" status="PASS">
          <reporter-output>
          </reporter-output>
        </test-method> <!-- tearDown -->
        <test-method is-config="true" signature="launchapplication()[pri:0, instance:Wipro.Tests.EndToEndTest@201a4587]" started-at="2024-07-12T12:07:59 IST" name="launchapplication" finished-at="2024-07-12T12:08:12 IST" duration-ms="13094" status="PASS">
          <reporter-output>
          </reporter-output>
        </test-method> <!-- launchapplication -->
        <test-method signature="OrderProduct(java.lang.String,java.lang.String,java.lang.String,java.lang.String,java.lang.String,java.lang.String,java.lang.String,java.lang.String,java.lang.String,java.lang.String,java.lang.String)[pri:0, instance:Wipro.Tests.EndToEndTest@201a4587]" started-at="2024-07-12T12:08:12 IST" name="OrderProduct" data-provider="getData" finished-at="2024-07-12T12:08:41 IST" duration-ms="29046" status="PASS">
          <params>
            <param index="0">
              <value>
                <![CDATA[VenkatAngara0809@gmail.com]]>
              </value>
            </param>
            <param index="1">
              <value>
                <![CDATA[Angara@123]]>
              </value>
            </param>
            <param index="2">
              <value>
                <![CDATA[Angara]]>
              </value>
            </param>
            <param index="3">
              <value>
                <![CDATA[Venkat]]>
              </value>
            </param>
            <param index="4">
              <value>
                <![CDATA[Student]]>
              </value>
            </param>
            <param index="5">
              <value>
                <![CDATA[Angara@123]]>
              </value>
            </param>
            <param index="6">
              <value>
                <![CDATA[ADIDAS ORIGINAL]]>
              </value>
            </param>
            <param index="7">
              <value>
                <![CDATA[9542322769]]>
              </value>
            </param>
            <param index="8">
              <value>
                <![CDATA[First100]]>
              </value>
            </param>
            <param index="9">
              <value>
                <![CDATA[India]]>
              </value>
            </param>
            <param index="10">
              <value>
                <![CDATA[322]]>
              </value>
            </param>
          </params>
          <reporter-output>
          </reporter-output>
        </test-method> <!-- OrderProduct -->
        <test-method is-config="true" signature="tearDown()[pri:0, instance:Wipro.Tests.EndToEndTest@201a4587]" started-at="2024-07-12T12:08:41 IST" name="tearDown" finished-at="2024-07-12T12:08:41 IST" duration-ms="209" status="PASS">
          <reporter-output>
          </reporter-output>
        </test-method> <!-- tearDown -->
        <test-method is-config="true" signature="launchapplication()[pri:0, instance:Wipro.Tests.EndToEndTest@201a4587]" started-at="2024-07-12T12:08:41 IST" name="launchapplication" finished-at="2024-07-12T12:08:54 IST" duration-ms="12853" status="PASS">
          <reporter-output>
          </reporter-output>
        </test-method> <!-- launchapplication -->
        <test-method signature="orderHistory(java.util.HashMap)[pri:0, instance:Wipro.Tests.EndToEndTest@201a4587]" started-at="2024-07-12T12:08:54 IST" name="orderHistory" data-provider="getJsonData" finished-at="2024-07-12T12:09:03 IST" depends-on-methods="Wipro.Tests.EndToEndTest.OrderProduct" duration-ms="8438" status="PASS">
          <params>
            <param index="0">
              <value>
                <![CDATA[{product=ADIDAS ORIGINAL, pass=Angara@123, email=VenkatAngara0809@gmail.com}]]>
              </value>
            </param>
          </params>
          <reporter-output>
          </reporter-output>
        </test-method> <!-- orderHistory -->
        <test-method is-config="true" signature="tearDown()[pri:0, instance:Wipro.Tests.EndToEndTest@201a4587]" started-at="2024-07-12T12:09:03 IST" name="tearDown" finished-at="2024-07-12T12:09:03 IST" duration-ms="130" status="PASS">
          <reporter-output>
          </reporter-output>
        </test-method> <!-- tearDown -->
        <test-method is-config="true" signature="launchapplication()[pri:0, instance:Wipro.Tests.EndToEndTest@201a4587]" started-at="2024-07-12T12:09:03 IST" name="launchapplication" finished-at="2024-07-12T12:09:15 IST" duration-ms="12610" status="PASS">
          <reporter-output>
          </reporter-output>
        </test-method> <!-- launchapplication -->
        <test-method signature="orderHistory(java.util.HashMap)[pri:0, instance:Wipro.Tests.EndToEndTest@201a4587]" started-at="2024-07-12T12:09:15 IST" name="orderHistory" data-provider="getJsonData" finished-at="2024-07-12T12:09:24 IST" depends-on-methods="Wipro.Tests.EndToEndTest.OrderProduct" duration-ms="8806" status="PASS">
          <params>
            <param index="0">
              <value>
                <![CDATA[{product=ADIDAS ORIGINAL, pass=Angara@123, email=VenkatAngara0809@gmail.com}]]>
              </value>
            </param>
          </params>
          <reporter-output>
          </reporter-output>
        </test-method> <!-- orderHistory -->
        <test-method is-config="true" signature="tearDown()[pri:0, instance:Wipro.Tests.EndToEndTest@201a4587]" started-at="2024-07-12T12:09:24 IST" name="tearDown" finished-at="2024-07-12T12:09:24 IST" duration-ms="135" status="PASS">
          <reporter-output>
          </reporter-output>
        </test-method> <!-- tearDown -->
      </class> <!-- Wipro.Tests.EndToEndTest -->
    </test> <!-- Default test -->
  </suite> <!-- Default suite -->
</testng-results>
