<?xml version="1.0" encoding="UTF-8"?>
<!-- Generated by org.testng.reporters.JUnitXMLReporter -->
<testsuite ignored="0" hostname="C02HG5W5Q6L5" failures="0" tests="4" name="EndToEndTest" time="136.327" errors="0" timestamp="2024-07-08T15:59:14 IST">
  <testcase classname="Wipro.Tests.EndToEndTest" name="OrderProduct" time="29.509"/>
  <testcase classname="Wipro.Tests.EndToEndTest" name="OrderProduct" time="28.927"/>
  <testcase classname="Wipro.Tests.EndToEndTest" name="orderHistory" time="8.31"/>
  <testcase classname="Wipro.Tests.EndToEndTest" name="orderHistory" time="14.699"/>
</testsuite> <!-- EndToEndTest -->
