<?xml version="1.0" encoding="UTF-8"?>
<!-- Generated by org.testng.reporters.JUnitXMLReporter -->
<testsuite ignored="0" hostname="C02HG5W5Q6L5" failures="0" tests="4" name="Default test" time="130.2" errors="0" timestamp="2024-07-12T12:09:29 IST">
  <testcase classname="Wipro.Tests.EndToEndTest" name="OrderProduct" time="28.096"/>
  <testcase classname="Wipro.Tests.EndToEndTest" name="OrderProduct" time="29.046"/>
  <testcase classname="Wipro.Tests.EndToEndTest" name="orderHistory" time="8.438"/>
  <testcase classname="Wipro.Tests.EndToEndTest" name="orderHistory" time="8.806"/>
</testsuite> <!-- Default test -->
