<?xml version="1.0" encoding="UTF-8"?>
<!-- Generated by org.testng.reporters.JUnitXMLReporter -->
<testsuite ignored="0" hostname="C02HG5W5Q6L5" failures="1" tests="3" name="EndToEndTest" time="58.397" errors="0" timestamp="2024-07-25T22:08:54 IST">
  <testcase classname="Wipro.Tests.EndToEndTest" name="OrderProduct" time="25.345"/>
  <testcase classname="Wipro.Tests.EndToEndTest" name="OrderProduct" time="9.271">
    <failure type="java.lang.AssertionError" message="expected [Product Added To Cart] but found [Login Successfully]">
      <![CDATA[java.lang.AssertionError: expected [Product Added To Cart] but found [Login Successfully]
at Wipro.Tests.EndToEndTest.OrderProduct(EndToEndTest.java:39)
at java.base/java.util.ArrayList.forEach(ArrayList.java:1511)
... Removed 37 stack frames]]>
    </failure>
  </testcase> <!-- OrderProduct -->
  <testcase classname="Wipro.Tests.EndToEndTest" name="orderHistory" time="0.0">
    <skipped/>
  </testcase> <!-- orderHistory -->
</testsuite> <!-- EndToEndTest -->
